<?xml version="1.0" encoding="UTF-8"?>
<testng-results ignored="0" total="1" passed="1" failed="0" skipped="0">
  <reporter-output>
  </reporter-output>
  <suite started-at="2025-09-14T18:29:03 IST" name="Default suite" finished-at="2025-09-14T18:29:34 IST" duration-ms="30693">
    <groups>
    </groups>
    <test started-at="2025-09-14T18:29:03 IST" name="Default test" finished-at="2025-09-14T18:29:34 IST" duration-ms="30693">
      <class name="testscript.LoginTest">
        <test-method is-config="true" signature="browserInitialization()[pri:0, instance:testscript.LoginTest@2a4fb17b]" started-at="2025-09-14T18:29:03 IST" name="browserInitialization" finished-at="2025-09-14T18:29:15 IST" duration-ms="12064" status="PASS">
          <reporter-output>
          </reporter-output>
        </test-method> <!-- browserInitialization -->
        <test-method signature="verifyLoginwithValidCredentials()[pri:0, instance:testscript.LoginTest@2a4fb17b]" started-at="2025-09-14T18:29:15 IST" name="verifyLoginwithValidCredentials" finished-at="2025-09-14T18:29:34 IST" duration-ms="18518" status="PASS">
          <reporter-output>
          </reporter-output>
        </test-method> <!-- verifyLoginwithValidCredentials -->
      </class> <!-- testscript.LoginTest -->
    </test> <!-- Default test -->
  </suite> <!-- Default suite -->
</testng-results>
