<?xml version="1.0" encoding="UTF-8"?>
<!-- Generated by org.testng.reporters.JUnitXMLReporter -->
<testsuite ignored="3" hostname="LAPTOP-C1AEMFQ7" failures="0" tests="1" name="Default test" time="30.693" errors="0" timestamp="2025-09-14T18:29:34 IST">
  <testcase classname="testscript.LoginTest" name="verifyLoginwithValidCredentials" time="18.518"/>
  <testcase classname="testscript.LoginTest" name="verifyLoginwithValidUsenameInvalidPw" time="0.0">
    <ignored/>
  </testcase> <!-- verifyLoginwithValidUsenameInvalidPw -->
  <testcase classname="testscript.LoginTest" name="verifyLoginwithInvalidUsenameValidPw" time="0.0">
    <ignored/>
  </testcase> <!-- verifyLoginwithInvalidUsenameValidPw -->
  <testcase classname="testscript.LoginTest" name="verifyLoginwithInvalidUsenameInValidPw" time="0.0">
    <ignored/>
  </testcase> <!-- verifyLoginwithInvalidUsenameInValidPw -->
</testsuite> <!-- Default test -->
